     1                                  global _start
     2                                  
     3                                  section .data
     4 00000000 48656C6C6F20776F72-         message db "Hello world!",10
     4 00000009 6C64210A           
     5                                      length equ $ - message
     6                                  
     7                                  section .text
     8                                  
     9                                  _start:
    10 00000000 B801000000                  mov rax, 1
    11 00000005 BF01000000                  mov rdi, 1
    12 0000000A 48BE-                       mov rsi, message
    12 0000000C [0000000000000000] 
    13 00000014 BA0D000000                  mov rdx, length
    14 00000019 0F05                        syscall
    15                                  
    16 0000001B 4883F80D                    cmp rax, length
    17 0000001F 750C                        jne error
    18                                  
    19 00000021 B83C000000                  mov rax, 60
    20 00000026 BF00000000                  mov rdi, 0
    21 0000002B 0F05                        syscall
    22                                  
    23                                  error:
    24 0000002D B83C000000                  mov rax, 60
    25 00000032 BF01000000                  mov rdi, 1
    26 00000037 0F05                        syscall
